<?xml version="1.0" encoding="UTF-8"?>
<testng-results ignored="0" total="1" passed="1" failed="0" skipped="0">
  <reporter-output>
  </reporter-output>
  <suite started-at="2024-08-09T16:25:57 IST" name="Default suite" finished-at="2024-08-09T16:26:51 IST" duration-ms="53483">
    <groups>
    </groups>
    <test started-at="2024-08-09T16:25:57 IST" name="Default test" finished-at="2024-08-09T16:26:51 IST" duration-ms="53483">
      <class name="testing.leetCode">
        <test-method signature="login()[pri:0, instance:testing.leetCode@29215f06]" started-at="2024-08-09T16:25:57 IST" name="login" finished-at="2024-08-09T16:26:51 IST" duration-ms="53448" status="PASS">
          <reporter-output>
          </reporter-output>
        </test-method> <!-- login -->
      </class> <!-- testing.leetCode -->
    </test> <!-- Default test -->
  </suite> <!-- Default suite -->
</testng-results>
